<?xml version="1.0" encoding="UTF-8"?>
<testsuite name="ExamTest" tests="23" skipped="0" failures="1" errors="0" timestamp="2022-05-22T09:33:32" hostname="DESKTOP-3RFD8BP" time="15.215">
  <properties/>
  <testcase name="[Latihan 1] - 2 is odd number" classname="ExamTest" time="0.034"/>
  <testcase name="[Latihan 1] - 6 is odd number" classname="ExamTest" time="0.001"/>
  <testcase name="[Latihan 1] - 7 is not odd number" classname="ExamTest" time="0.002"/>
  <testcase name="[Latihan 1] - 1 is not odd number" classname="ExamTest" time="0.0"/>
  <testcase name="[Latihan 1] - result function sould be return expected value" classname="ExamTest" time="0.002"/>
  <testcase name="[Latihan 2] - calculate result should be return 54" classname="ExamTest" time="0.003"/>
  <testcase name="[Latihan 2] - calculate result should be return 103" classname="ExamTest" time="0.001"/>
  <testcase name="[Latihan 2] - result function should be return expected value" classname="ExamTest" time="0.028">
    <failure message="org.opentest4j.AssertionFailedError: expected: &lt;Result 103.toString()&gt; but was: &lt;Result is 103&gt;" type="org.opentest4j.AssertionFailedError">org.opentest4j.AssertionFailedError: expected: &lt;Result 103.toString()&gt; but was: &lt;Result is 103&gt;
	at org.junit.jupiter.api.AssertionUtils.fail(AssertionUtils.java:55)
	at org.junit.jupiter.api.AssertionUtils.failNotEqual(AssertionUtils.java:62)
	at org.junit.jupiter.api.AssertEquals.assertEquals(AssertEquals.java:182)
	at org.junit.jupiter.api.AssertEquals.assertEquals(AssertEquals.java:177)
	at org.junit.jupiter.api.Assertions.assertEquals(Assertions.java:1141)
	at ExamTest$1$1$2$3.invoke(ExamTest.kt:66)
	at ExamTest$1$1$2$3.invoke(ExamTest.kt:63)
	at org.spekframework.spek2.runtime.scope.TestScopeImpl.execute(scopes.kt:136)
	at org.spekframework.spek2.runtime.Executor$execute$result$2$exception$1$job$1.invokeSuspend(Executor.kt:84)
	at kotlin.coroutines.jvm.internal.BaseContinuationImpl.resumeWith(ContinuationImpl.kt:33)
	at kotlinx.coroutines.DispatchedTask.run(DispatchedTask.kt:106)
	at kotlinx.coroutines.EventLoopImplBase.processNextEvent(EventLoop.common.kt:279)
	at kotlinx.coroutines.BlockingCoroutine.joinBlocking(Builders.kt:85)
	at kotlinx.coroutines.BuildersKt__BuildersKt.runBlocking(Builders.kt:59)
	at kotlinx.coroutines.BuildersKt.runBlocking(Unknown Source)
	at kotlinx.coroutines.BuildersKt__BuildersKt.runBlocking$default(Builders.kt:38)
	at kotlinx.coroutines.BuildersKt.runBlocking$default(Unknown Source)
	at org.spekframework.spek2.runtime.TaskRunner$runTask$1.run(executors.kt:26)
	at java.util.concurrent.Executors$RunnableAdapter.call(Executors.java:511)
	at java.util.concurrent.FutureTask.run(FutureTask.java:266)
	at java.util.concurrent.ThreadPoolExecutor.runWorker(ThreadPoolExecutor.java:1149)
	at java.util.concurrent.ThreadPoolExecutor$Worker.run(ThreadPoolExecutor.java:624)
	at java.lang.Thread.run(Thread.java:748)
</failure>
  </testcase>
  <testcase name="[Latihan 3] - checkType should be return Int when passing param is `50`" classname="ExamTest" time="0.006"/>
  <testcase name="[Latihan 3] - checkType should be return String when passing param is `Dicoding Indonesia`" classname="ExamTest" time="0.0"/>
  <testcase name="[Latihan 3] - checkType should be return Double when passing param is `1.0`" classname="ExamTest" time="0.001"/>
  <testcase name="[Latihan 3] - checkType should be return List when passing param is `listOf&lt;Any&gt;`" classname="ExamTest" time="0.001"/>
  <testcase name="[Latihan 3] - checkType should be return Map when passing param is `mapOf&lt;Any, Any&gt;`" classname="ExamTest" time="0.004"/>
  <testcase name="[Latihan 4] - vehicle function should be return Map" classname="ExamTest" time="0.03"/>
  <testcase name="[Latihan 4] - type should be motorcycle" classname="ExamTest" time="0.002"/>
  <testcase name="[Latihan 4] - maxSpeed should be 230Km/s" classname="ExamTest" time="0.004"/>
  <testcase name="[Latihan 4] - maxTank should be 100Ltr" classname="ExamTest" time="0.001"/>
  <testcase name="[Latihan 5] - execution time of sum function should be more than 3s" classname="ExamTest" time="3.012"/>
  <testcase name="[Latihan 5] - sum function should be return 10 if valueA is 5 and valueB is 5" classname="ExamTest" time="3.02"/>
  <testcase name="[Latihan 5] - sum function should be return 107 if valueA is 100 and valueB is 7" classname="ExamTest" time="3.01"/>
  <testcase name="[Latihan 5] - execution time of multiple function should be more than 2s" classname="ExamTest" time="2.009"/>
  <testcase name="[Latihan 5] - multiple function should be return 36 if valueA is 6 and valueB is 6" classname="ExamTest" time="2.013"/>
  <testcase name="[Latihan 5] - multiple function should be return 25 if valueA is 5 and valueB is 5" classname="ExamTest" time="2.019"/>
  <system-out><![CDATA[Vehicle
Type: motorcycle
Maximal Speed: 230Km/s
Maximal Tank: 100Ltr
Vehicle
Type: motorcycle
Maximal Speed: 230Km/s
Maximal Tank: 100Ltr
Vehicle
Type: motorcycle
Maximal Speed: 230Km/s
Maximal Tank: 100Ltr
Vehicle
Type: motorcycle
Maximal Speed: 230Km/s
Maximal Tank: 100Ltr
]]></system-out>
  <system-err><![CDATA[]]></system-err>
</testsuite>
